<?xml version="1.0" encoding="UTF-8"?>
<testng-results ignored="0" total="3" passed="3" failed="0" skipped="0">
  <reporter-output>
    <line>
      <![CDATA[Test1]]>
    </line>
    <line>
      <![CDATA[Test2]]>
    </line>
    <line>
      <![CDATA[Test3]]>
    </line>
  </reporter-output>
  <suite started-at="2026-08-16T10:58:15 IST" name="Default suite" finished-at="2026-08-16T10:59:39 IST" duration-ms="84157">
    <groups>
    </groups>
    <test started-at="2026-08-16T10:58:15 IST" name="Default test" finished-at="2026-08-16T10:59:39 IST" duration-ms="84157">
      <class name="testScripts.AddressModule">
        <test-method is-config="true" signature="configureReport()[pri:0, instance:testScripts.AddressModule@367ffa75]" started-at="2026-08-16T10:58:15 IST" name="configureReport" finished-at="2026-08-16T10:58:15 IST" duration-ms="186" status="PASS">
          <reporter-output>
          </reporter-output>
        </test-method> <!-- configureReport -->
        <test-method is-config="true" signature="openBrowser()[pri:0, instance:testScripts.AddressModule@367ffa75]" started-at="2026-08-16T10:58:15 IST" name="openBrowser" finished-at="2026-08-16T10:58:20 IST" duration-ms="5021" status="PASS">
          <reporter-output>
          </reporter-output>
        </test-method> <!-- openBrowser -->
        <test-method is-config="true" signature="loginToDWS(java.lang.reflect.Method)[pri:0, instance:testScripts.AddressModule@367ffa75]" started-at="2026-08-16T10:58:20 IST" name="loginToDWS" finished-at="2026-08-16T10:58:22 IST" duration-ms="1702" status="PASS">
          <params>
            <param index="0">
              <value>
                <![CDATA[public void testScripts.AddressModule.addAdress() throws java.io.IOException]]>
              </value>
            </param>
          </params>
          <reporter-output>
          </reporter-output>
        </test-method> <!-- loginToDWS -->
        <test-method signature="addAdress()[pri:1, instance:testScripts.AddressModule@367ffa75]" started-at="2026-08-16T10:58:22 IST" name="addAdress" finished-at="2026-08-16T10:58:25 IST" duration-ms="3793" status="PASS">
          <reporter-output>
            <line>
              <![CDATA[Test1]]>
            </line>
          </reporter-output>
        </test-method> <!-- addAdress -->
        <test-method is-config="true" signature="logoutFromDWS()[pri:0, instance:testScripts.AddressModule@367ffa75]" started-at="2026-08-16T10:58:25 IST" name="logoutFromDWS" finished-at="2026-08-16T10:58:26 IST" duration-ms="984" status="PASS">
          <reporter-output>
          </reporter-output>
        </test-method> <!-- logoutFromDWS -->
        <test-method is-config="true" signature="loginToDWS(java.lang.reflect.Method)[pri:0, instance:testScripts.AddressModule@367ffa75]" started-at="2026-08-16T10:58:26 IST" name="loginToDWS" finished-at="2026-08-16T10:58:27 IST" duration-ms="728" status="PASS">
          <params>
            <param index="0">
              <value>
                <![CDATA[public void testScripts.AddressModule.updateAddress() throws java.io.IOException]]>
              </value>
            </param>
          </params>
          <reporter-output>
          </reporter-output>
        </test-method> <!-- loginToDWS -->
        <test-method signature="updateAddress()[pri:2, instance:testScripts.AddressModule@367ffa75]" started-at="2026-08-16T10:58:27 IST" name="updateAddress" finished-at="2026-08-16T10:58:31 IST" duration-ms="4234" status="PASS">
          <reporter-output>
            <line>
              <![CDATA[Test2]]>
            </line>
          </reporter-output>
        </test-method> <!-- updateAddress -->
        <test-method is-config="true" signature="logoutFromDWS()[pri:0, instance:testScripts.AddressModule@367ffa75]" started-at="2026-08-16T10:58:31 IST" name="logoutFromDWS" finished-at="2026-08-16T10:58:32 IST" duration-ms="954" status="PASS">
          <reporter-output>
          </reporter-output>
        </test-method> <!-- logoutFromDWS -->
        <test-method is-config="true" signature="loginToDWS(java.lang.reflect.Method)[pri:0, instance:testScripts.AddressModule@367ffa75]" started-at="2026-08-16T10:58:32 IST" name="loginToDWS" finished-at="2026-08-16T10:58:33 IST" duration-ms="679" status="PASS">
          <params>
            <param index="0">
              <value>
                <![CDATA[public void testScripts.AddressModule.removeAddress() throws java.lang.InterruptedException,java.io.IOException]]>
              </value>
            </param>
          </params>
          <reporter-output>
          </reporter-output>
        </test-method> <!-- loginToDWS -->
        <test-method signature="removeAddress()[pri:3, instance:testScripts.AddressModule@367ffa75]" started-at="2026-08-16T10:58:33 IST" name="removeAddress" finished-at="2026-08-16T10:59:36 IST" duration-ms="62973" status="PASS">
          <reporter-output>
            <line>
              <![CDATA[Test3]]>
            </line>
          </reporter-output>
        </test-method> <!-- removeAddress -->
        <test-method is-config="true" signature="logoutFromDWS()[pri:0, instance:testScripts.AddressModule@367ffa75]" started-at="2026-08-16T10:59:36 IST" name="logoutFromDWS" finished-at="2026-08-16T10:59:39 IST" duration-ms="3037" status="FAIL">
          <exception class="org.openqa.selenium.NoSuchSessionException">
            <message>
              <![CDATA[invalid session id: session deleted as the browser has closed the connection
from disconnected: unable to send message to renderer
  (Session info: MicrosoftEdge=151.0.4129.86)
Build info: version: '4.17.0', revision: 'e52b1be057*'
System info: os.name: 'Windows 11', os.arch: 'amd64', os.version: '10.0', java.version: '17.0.18'
Driver info: org.openqa.selenium.edge.EdgeDriver
Command: [409e855b0326657bf05e0120b0166e46, findElement {using=link text, value=Log out}]
Capabilities {acceptInsecureCerts: false, browserName: MicrosoftEdge, browserVersion: 151.0.4129.86, fedcm:accounts: true, goog:processID: 11124, ms:edgeOptions: {debuggerAddress: localhost:52588}, msedge: {msedgedriverVersion: 151.0.4129.86 (083e754915c9..., userDataDir: C:\Users\MONIKA~1\AppData\L...}, networkConnectionEnabled: false, pageLoadStrategy: normal, platformName: windows, proxy: Proxy(), se:cdp: ws://localhost:52588/devtoo..., se:cdpVersion: 151.0.4129.86, setWindowRect: true, strictFileInteractability: false, timeouts: {implicit: 0, pageLoad: 300000, script: 30000}, unhandledPromptBehavior: dismiss and notify, webauthn:extension:credBlob: true, webauthn:extension:largeBlob: true, webauthn:extension:minPinLength: true, webauthn:extension:prf: true, webauthn:virtualAuthenticators: true}
Session ID: 409e855b0326657bf05e0120b0166e46]]>
            </message>
            <full-stacktrace>
              <![CDATA[org.openqa.selenium.NoSuchSessionException: invalid session id: session deleted as the browser has closed the connection
from disconnected: unable to send message to renderer
  (Session info: MicrosoftEdge=151.0.4129.86)
Build info: version: '4.17.0', revision: 'e52b1be057*'
System info: os.name: 'Windows 11', os.arch: 'amd64', os.version: '10.0', java.version: '17.0.18'
Driver info: org.openqa.selenium.edge.EdgeDriver
Command: [409e855b0326657bf05e0120b0166e46, findElement {using=link text, value=Log out}]
Capabilities {acceptInsecureCerts: false, browserName: MicrosoftEdge, browserVersion: 151.0.4129.86, fedcm:accounts: true, goog:processID: 11124, ms:edgeOptions: {debuggerAddress: localhost:52588}, msedge: {msedgedriverVersion: 151.0.4129.86 (083e754915c9..., userDataDir: C:\Users\MONIKA~1\AppData\L...}, networkConnectionEnabled: false, pageLoadStrategy: normal, platformName: windows, proxy: Proxy(), se:cdp: ws://localhost:52588/devtoo..., se:cdpVersion: 151.0.4129.86, setWindowRect: true, strictFileInteractability: false, timeouts: {implicit: 0, pageLoad: 300000, script: 30000}, unhandledPromptBehavior: dismiss and notify, webauthn:extension:credBlob: true, webauthn:extension:largeBlob: true, webauthn:extension:minPinLength: true, webauthn:extension:prf: true, webauthn:virtualAuthenticators: true}
Session ID: 409e855b0326657bf05e0120b0166e46
at java.base/jdk.internal.reflect.NativeConstructorAccessorImpl.newInstance0(Native Method)
at java.base/jdk.internal.reflect.NativeConstructorAccessorImpl.newInstance(NativeConstructorAccessorImpl.java:77)
at java.base/jdk.internal.reflect.DelegatingConstructorAccessorImpl.newInstance(DelegatingConstructorAccessorImpl.java:45)
at java.base/java.lang.reflect.Constructor.newInstanceWithCaller(Constructor.java:500)
at java.base/java.lang.reflect.Constructor.newInstance(Constructor.java:481)
at org.openqa.selenium.remote.codec.w3c.W3CHttpResponseCodec.createException(W3CHttpResponseCodec.java:185)
at org.openqa.selenium.remote.codec.w3c.W3CHttpResponseCodec.decode(W3CHttpResponseCodec.java:134)
at org.openqa.selenium.remote.codec.w3c.W3CHttpResponseCodec.decode(W3CHttpResponseCodec.java:51)
at org.openqa.selenium.remote.HttpCommandExecutor.execute(HttpCommandExecutor.java:190)
at org.openqa.selenium.remote.service.DriverCommandExecutor.invokeExecute(DriverCommandExecutor.java:216)
at org.openqa.selenium.remote.service.DriverCommandExecutor.execute(DriverCommandExecutor.java:174)
at org.openqa.selenium.remote.RemoteWebDriver.execute(RemoteWebDriver.java:519)
at org.openqa.selenium.remote.ElementLocation$ElementFinder$2.findElement(ElementLocation.java:165)
at org.openqa.selenium.remote.ElementLocation.findElement(ElementLocation.java:59)
at org.openqa.selenium.remote.RemoteWebDriver.findElement(RemoteWebDriver.java:356)
at org.openqa.selenium.remote.RemoteWebDriver.findElement(RemoteWebDriver.java:350)
at generic_Utilities.BaseTest.logoutFromDWS(BaseTest.java:76)
at java.base/jdk.internal.reflect.NativeMethodAccessorImpl.invoke0(Native Method)
at java.base/jdk.internal.reflect.NativeMethodAccessorImpl.invoke(NativeMethodAccessorImpl.java:77)
at java.base/jdk.internal.reflect.DelegatingMethodAccessorImpl.invoke(DelegatingMethodAccessorImpl.java:43)
at java.base/java.lang.reflect.Method.invoke(Method.java:569)
at org.testng.internal.invokers.MethodInvocationHelper.invokeMethod(MethodInvocationHelper.java:141)
at org.testng.internal.invokers.MethodInvocationHelper.invokeMethodConsideringTimeout(MethodInvocationHelper.java:71)
at org.testng.internal.invokers.ConfigInvoker.invokeConfigurationMethod(ConfigInvoker.java:400)
at org.testng.internal.invokers.ConfigInvoker.invokeConfigurations(ConfigInvoker.java:333)
at org.testng.internal.invokers.TestInvoker.runConfigMethods(TestInvoker.java:846)
at org.testng.internal.invokers.TestInvoker.runAfterConfigurations(TestInvoker.java:815)
at org.testng.internal.invokers.TestInvoker.invokeMethod(TestInvoker.java:791)
at org.testng.internal.invokers.TestInvoker.invokeTestMethod(TestInvoker.java:230)
at org.testng.internal.invokers.MethodRunner.runInSequence(MethodRunner.java:63)
at org.testng.internal.invokers.TestInvoker$MethodInvocationAgent.invoke(TestInvoker.java:1005)
at org.testng.internal.invokers.TestInvoker.invokeTestMethods(TestInvoker.java:203)
at org.testng.internal.invokers.TestMethodWorker.invokeTestMethods(TestMethodWorker.java:154)
at org.testng.internal.invokers.TestMethodWorker.run(TestMethodWorker.java:134)
at java.base/java.util.ArrayList.forEach(ArrayList.java:1511)
at org.testng.TestRunner.privateRun(TestRunner.java:744)
at org.testng.TestRunner.run(TestRunner.java:616)
at org.testng.SuiteRunner.runTest(SuiteRunner.java:421)
at org.testng.SuiteRunner.runSequentially(SuiteRunner.java:413)
at org.testng.SuiteRunner.privateRun(SuiteRunner.java:373)
at org.testng.SuiteRunner.run(SuiteRunner.java:312)
at org.testng.SuiteRunnerWorker.runSuite(SuiteRunnerWorker.java:52)
at org.testng.SuiteRunnerWorker.run(SuiteRunnerWorker.java:95)
at org.testng.TestNG.runSuitesSequentially(TestNG.java:1274)
at org.testng.TestNG.runSuitesLocally(TestNG.java:1208)
at org.testng.TestNG.runSuites(TestNG.java:1112)
at org.testng.TestNG.run(TestNG.java:1079)
at org.testng.remote.AbstractRemoteTestNG.run(AbstractRemoteTestNG.java:115)
at org.testng.remote.RemoteTestNG.initAndRun(RemoteTestNG.java:293)
at org.testng.remote.RemoteTestNG.main(RemoteTestNG.java:91)
]]>
            </full-stacktrace>
          </exception> <!-- org.openqa.selenium.NoSuchSessionException -->
          <reporter-output>
          </reporter-output>
        </test-method> <!-- logoutFromDWS -->
        <test-method is-config="true" signature="closeBrowser()[pri:0, instance:testScripts.AddressModule@367ffa75]" started-at="2026-08-16T10:59:39 IST" name="closeBrowser" finished-at="2026-08-16T10:59:39 IST" duration-ms="301" status="PASS">
          <reporter-output>
          </reporter-output>
        </test-method> <!-- closeBrowser -->
      </class> <!-- testScripts.AddressModule -->
    </test> <!-- Default test -->
  </suite> <!-- Default suite -->
</testng-results>
