<?xml version="1.0" encoding="UTF-8"?>
<!-- Generated by org.testng.reporters.JUnitReportReporter -->
<testsuite hostname="LAPTOP-Q1I36P7S" failures="0" tests="9" name="testNg.Fk_Multiple_Excel" time="130.783" errors="0" timestamp="2026-04-01T13:36:32 IST" skipped="0">
  <testcase classname="testNg.Fk_Multiple_Excel" name="searchProduct" time="18.679"/>
  <testcase classname="testNg.Fk_Multiple_Excel" name="searchProduct" time="14.916"/>
  <testcase classname="testNg.Fk_Multiple_Excel" name="searchProduct" time="13.016"/>
  <testcase classname="testNg.Fk_Multiple_Excel" name="searchProduct" time="13.728"/>
  <testcase classname="testNg.Fk_Multiple_Excel" name="searchProduct" time="15.213"/>
  <testcase classname="testNg.Fk_Multiple_Excel" name="searchProduct" time="17.475"/>
  <testcase classname="testNg.Fk_Multiple_Excel" name="searchProduct" time="13.418"/>
  <testcase classname="testNg.Fk_Multiple_Excel" name="searchProduct" time="11.676"/>
  <testcase classname="testNg.Fk_Multiple_Excel" name="searchProduct" time="12.662"/>
</testsuite> <!-- testNg.Fk_Multiple_Excel -->
