<?xml version="1.0" encoding="UTF-8"?>
<!-- Generated by org.testng.reporters.JUnitReportReporter -->
<testsuite hostname="LAPTOP-Q1I36P7S" failures="0" tests="1" name="testNg.FirstTestNGClass" time="0.008" errors="0" timestamp="2026-03-16T13:47:26 IST" skipped="0">
  <testcase classname="testNg.FirstTestNGClass" name="test" time="0.008">
    <system-out>
      <![CDATA[Fist TestNG class]]>
    </system-out>
  </testcase> <!-- test -->
  <system-out>
    <![CDATA[Fist TestNG class]]>
  </system-out>
</testsuite> <!-- testNg.FirstTestNGClass -->
