<?xml version="1.0" encoding="UTF-8"?>
<!-- Generated by org.testng.reporters.JUnitReportReporter -->
<testsuite hostname="LAPTOP-Q1I36P7S" failures="0" tests="5" name="testNg.InvocationCountAtt" time="54.280" errors="0" timestamp="2026-03-18T13:01:50 IST" skipped="0">
  <testcase classname="testNg.InvocationCountAtt" name="login" time="9.868"/>
  <testcase classname="testNg.InvocationCountAtt" name="login" time="11.793"/>
  <testcase classname="testNg.InvocationCountAtt" name="login" time="9.351"/>
  <testcase classname="testNg.InvocationCountAtt" name="login" time="13.803"/>
  <testcase classname="testNg.InvocationCountAtt" name="login" time="9.465"/>
</testsuite> <!-- testNg.InvocationCountAtt -->
