<?xml version="1.0" encoding="UTF-8"?>
<!-- Generated by org.testng.reporters.JUnitReportReporter -->
<testsuite hostname="LAPTOP-Q1I36P7S" failures="0" tests="3" name="testNg.PriorityAtt" time="0.014" errors="0" timestamp="2026-03-17T13:27:13 IST" skipped="0">
  <testcase classname="testNg.PriorityAtt" name="register" time="0.010">
    <system-out>
      <![CDATA[Execute register]]>
    </system-out>
  </testcase> <!-- register -->
  <testcase classname="testNg.PriorityAtt" name="login" time="0.003">
    <system-out>
      <![CDATA[Execute login]]>
    </system-out>
  </testcase> <!-- login -->
  <testcase classname="testNg.PriorityAtt" name="purchase" time="0.001">
    <system-out>
      <![CDATA[Execute purchase]]>
    </system-out>
  </testcase> <!-- purchase -->
  <system-out>
    <![CDATA[Execute register
Execute login
Execute purchase]]>
  </system-out>
</testsuite> <!-- testNg.PriorityAtt -->
