<?xml version="1.0" encoding="UTF-8"?>
<!-- Generated by org.testng.reporters.JUnitReportReporter -->
<testsuite hostname="LAPTOP-Q1I36P7S" failures="0" tests="3" name="testScripts.WishListTest" time="27.541" errors="0" timestamp="2026-03-21T13:43:29 IST" skipped="0">
  <testcase classname="testScripts.WishListTest" name="addToWishlistTest" time="11.125"/>
  <testcase classname="testScripts.WishListTest" name="updateWishListTest" time="7.774"/>
  <testcase classname="testScripts.WishListTest" name="addToCart" time="8.642"/>
  <system-out>
    <![CDATA[@Beforclass
@Beformethod
@Aftermethod
@Beformethod
@Aftermethod
@Beformethod
@Aftermethod
@Afterclass]]>
  </system-out>
</testsuite> <!-- testScripts.WishListTest -->
