<?xml version="1.0" encoding="UTF-8"?>
<!-- Generated by org.testng.reporters.JUnitReportReporter -->
<testsuite hostname="LAPTOP-Q1I36P7S" failures="0" tests="3" name="testNg.EnabledAtt" time="0.011" errors="0" timestamp="2026-03-18T13:44:57 IST" skipped="1">
  <testcase classname="testNg.EnabledAtt" name="purchase" time="0.001">
    <system-out>
      <![CDATA[Execute purchase]]>
    </system-out>
  </testcase> <!-- purchase -->
  <testcase classname="testNg.EnabledAtt" name="login" time="0.010">
    <system-out>
      <![CDATA[Execute login]]>
    </system-out>
  </testcase> <!-- login -->
  <testcase classname="testNg.EnabledAtt" name="register">
    <skipped/>
  </testcase> <!-- register -->
  <system-out>
    <![CDATA[Execute login
Execute purchase]]>
  </system-out>
</testsuite> <!-- testNg.EnabledAtt -->
