<?xml version="1.0" encoding="UTF-8"?>
<!-- Generated by org.testng.reporters.JUnitReportReporter -->
<testsuite hostname="LAPTOP-Q1I36P7S" failures="0" tests="2" name="testNg.Learning_DataProvider" time="24.394" errors="0" timestamp="2026-03-24T13:29:00 IST" skipped="0">
  <testcase classname="testNg.Learning_DataProvider" name="loginTo" time="11.149">
    <system-out>
      <![CDATA[Authorized user loggedinmonika24@gmail.com]]>
    </system-out>
  </testcase> <!-- loginTo -->
  <testcase classname="testNg.Learning_DataProvider" name="loginTo" time="13.245">
    <system-out>
      <![CDATA[Authorized user loggedinmonika2407@gmail.com]]>
    </system-out>
  </testcase> <!-- loginTo -->
  <system-out>
    <![CDATA[Authorized user loggedinmonika2407@gmail.com
Authorized user loggedinmonika24@gmail.com]]>
  </system-out>
</testsuite> <!-- testNg.Learning_DataProvider -->
