<?xml version="1.0" encoding="UTF-8"?>
<!-- Generated by org.testng.reporters.JUnitReportReporter -->
<testsuite hostname="LAPTOP-Q1I36P7S" failures="0" tests="3" name="testNg.DependsOnMethodsAtt" time="0.013" errors="0" timestamp="2026-03-17T13:46:38 IST" skipped="0">
  <testcase classname="testNg.DependsOnMethodsAtt" name="login" time="0.001">
    <system-out>
      <![CDATA[Execute login]]>
    </system-out>
  </testcase> <!-- login -->
  <testcase classname="testNg.DependsOnMethodsAtt" name="register" time="0.008">
    <system-out>
      <![CDATA[Execute register]]>
    </system-out>
  </testcase> <!-- register -->
  <testcase classname="testNg.DependsOnMethodsAtt" name="purchase" time="0.004">
    <system-out>
      <![CDATA[Execute purchase]]>
    </system-out>
  </testcase> <!-- purchase -->
  <system-out>
    <![CDATA[Execute register
Execute login
Execute purchase]]>
  </system-out>
</testsuite> <!-- testNg.DependsOnMethodsAtt -->
