<?xml version="1.0" encoding="UTF-8"?>
<!-- Generated by org.testng.reporters.JUnitReportReporter -->
<testsuite hostname="LAPTOP-Q1I36P7S" failures="0" tests="3" name="testScripts.CartTest" time="15.189" errors="0" timestamp="2026-04-10T19:39:41 IST" skipped="0">
  <testcase classname="testScripts.CartTest" name="addToCartTest" time="3.381"/>
  <testcase classname="testScripts.CartTest" name="updateProductCountTest" time="6.454"/>
  <testcase classname="testScripts.CartTest" name="removeProductTest" time="5.354"/>
</testsuite> <!-- testScripts.CartTest -->
