<?xml version="1.0" encoding="UTF-8"?>
<!-- Generated by org.testng.reporters.JUnitReportReporter -->
<testsuite hostname="LAPTOP-Q1I36P7S" failures="0" tests="5" name="testNg.ThreadPoolSizeAtt" time="86.815" errors="0" timestamp="2026-03-18T13:25:53 IST" skipped="0">
  <testcase classname="testNg.ThreadPoolSizeAtt" name="login" time="17.631"/>
  <testcase classname="testNg.ThreadPoolSizeAtt" name="login" time="18.367"/>
  <testcase classname="testNg.ThreadPoolSizeAtt" name="login" time="16.333"/>
  <testcase classname="testNg.ThreadPoolSizeAtt" name="login" time="16.904"/>
  <testcase classname="testNg.ThreadPoolSizeAtt" name="login" time="17.580"/>
</testsuite> <!-- testNg.ThreadPoolSizeAtt -->
