<?xml version="1.0" encoding="UTF-8"?>
<!-- Generated by org.testng.reporters.JUnitReportReporter -->
<testsuite hostname="LAPTOP-Q1I36P7S" failures="0" tests="4" name="testNg.SS_Multiple_Data_Excel" time="44.768" errors="0" timestamp="2026-03-31T13:24:33 IST" skipped="0">
  <testcase classname="testNg.SS_Multiple_Data_Excel" name="registerTest" time="10.999"/>
  <testcase classname="testNg.SS_Multiple_Data_Excel" name="registerTest" time="11.769"/>
  <testcase classname="testNg.SS_Multiple_Data_Excel" name="registerTest" time="11.113"/>
  <testcase classname="testNg.SS_Multiple_Data_Excel" name="registerTest" time="10.887"/>
</testsuite> <!-- testNg.SS_Multiple_Data_Excel -->
