<?xml version="1.0" encoding="UTF-8"?>
<!-- Generated by org.testng.reporters.JUnitReportReporter -->
<testsuite hostname="LAPTOP-Q1I36P7S" failures="0" tests="10" name="testNg.Practice1" time="325.587" errors="0" timestamp="2026-03-24T19:10:46 IST" skipped="0">
  <testcase classname="testNg.Practice1" name="SearchProduct" time="35.028"/>
  <testcase classname="testNg.Practice1" name="SearchProduct" time="30.189"/>
  <testcase classname="testNg.Practice1" name="SearchProduct" time="34.103"/>
  <testcase classname="testNg.Practice1" name="SearchProduct" time="32.474"/>
  <testcase classname="testNg.Practice1" name="SearchProduct" time="33.519"/>
  <testcase classname="testNg.Practice1" name="SearchProduct" time="27.823"/>
  <testcase classname="testNg.Practice1" name="SearchProduct" time="27.076"/>
  <testcase classname="testNg.Practice1" name="SearchProduct" time="31.535"/>
  <testcase classname="testNg.Practice1" name="SearchProduct" time="35.572"/>
  <testcase classname="testNg.Practice1" name="SearchProduct" time="38.268"/>
</testsuite> <!-- testNg.Practice1 -->
