<?xml version="1.0" encoding="UTF-8"?>
<!-- Generated by org.testng.reporters.JUnitReportReporter -->
<testsuite hostname="LAPTOP-Q1I36P7S" failures="0" tests="4" name="testNg.Multiple_Excel_File" time="65.970" errors="0" timestamp="2026-03-30T13:41:08 IST" skipped="0">
  <testcase classname="testNg.Multiple_Excel_File" name="registerDW" time="12.556"/>
  <testcase classname="testNg.Multiple_Excel_File" name="registerDW" time="24.125"/>
  <testcase classname="testNg.Multiple_Excel_File" name="registerDW" time="16.696"/>
  <testcase classname="testNg.Multiple_Excel_File" name="registerDW" time="12.593"/>
</testsuite> <!-- testNg.Multiple_Excel_File -->
